{"C:/Users/Trix/Desktop/Coding Projects/game_test/src/App.tsx": {"path":"C:/Users/Trix/Desktop/Coding Projects/game_test/src/App.tsx","statementMap":{"0":{"start":{"line":14,"column":5},"end":{"line":14,"column":null}},"1":{"start":{"line":16,"column":30},"end":{"line":20,"column":null}},"2":{"start":{"line":22,"column":32},"end":{"line":22,"column":null}},"3":{"start":{"line":24,"column":2},"end":{"line":25,"column":null}},"4":{"start":{"line":25,"column":42},"end":{"line":25,"column":57}},"5":{"start":{"line":27,"column":22},"end":{"line":31,"column":null}},"6":{"start":{"line":29,"column":20},"end":{"line":29,"column":30}},"7":{"start":{"line":33,"column":1},"end":{"line":59,"column":null}}},"fnMap":{"0":{"name":"App","decl":{"start":{"line":8,"column":9},"end":{"line":8,"column":15}},"loc":{"start":{"line":8,"column":15},"end":{"line":61,"column":null}}},"1":{"name":"(anonymous_1)","decl":{"start":{"line":25,"column":31},"end":{"line":25,"column":32}},"loc":{"start":{"line":25,"column":42},"end":{"line":25,"column":57}}},"2":{"name":"(anonymous_2)","decl":{"start":{"line":29,"column":9},"end":{"line":29,"column":10}},"loc":{"start":{"line":29,"column":20},"end":{"line":29,"column":30}}}},"branchMap":{"0":{"loc":{"start":{"line":16,"column":30},"end":{"line":20,"column":null}},"type":"cond-expr","locations":[{"start":{"line":19,"column":4},"end":{"line":19,"column":null}},{"start":{"line":20,"column":4},"end":{"line":20,"column":null}}]},"1":{"loc":{"start":{"line":24,"column":2},"end":{"line":25,"column":null}},"type":"binary-expr","locations":[{"start":{"line":24,"column":2},"end":{"line":24,"column":null}},{"start":{"line":25,"column":2},"end":{"line":25,"column":null}}]},"2":{"loc":{"start":{"line":27,"column":22},"end":{"line":31,"column":null}},"type":"cond-expr","locations":[{"start":{"line":28,"column":4},"end":{"line":30,"column":null}},{"start":{"line":31,"column":4},"end":{"line":31,"column":null}}]},"3":{"loc":{"start":{"line":42,"column":6},"end":{"line":48,"column":null}},"type":"cond-expr","locations":[{"start":{"line":43,"column":6},"end":{"line":43,"column":null}},{"start":{"line":44,"column":9},"end":{"line":48,"column":null}}]},"4":{"loc":{"start":{"line":44,"column":9},"end":{"line":48,"column":null}},"type":"cond-expr","locations":[{"start":{"line":45,"column":6},"end":{"line":45,"column":null}},{"start":{"line":47,"column":6},"end":{"line":48,"column":null}}]},"5":{"loc":{"start":{"line":47,"column":6},"end":{"line":48,"column":null}},"type":"binary-expr","locations":[{"start":{"line":47,"column":6},"end":{"line":47,"column":null}},{"start":{"line":48,"column":6},"end":{"line":48,"column":22}},{"start":{"line":48,"column":22},"end":{"line":48,"column":null}}]}},"s":{"0":0,"1":0,"2":0,"3":0,"4":0,"5":0,"6":0,"7":0},"f":{"0":0,"1":0,"2":0},"b":{"0":[0,0],"1":[0,0],"2":[0,0],"3":[0,0],"4":[0,0],"5":[0,0,0]}}
,"C:/Users/Trix/Desktop/Coding Projects/game_test/src/api.ts": {"path":"C:/Users/Trix/Desktop/Coding Projects/game_test/src/api.ts","statementMap":{"0":{"start":{"line":9,"column":13},"end":{"line":9,"column":null}},"1":{"start":{"line":12,"column":1},"end":{"line":25,"column":null}},"2":{"start":{"line":15,"column":20},"end":{"line":17,"column":null}},"3":{"start":{"line":19,"column":3},"end":{"line":21,"column":null}},"4":{"start":{"line":20,"column":4},"end":{"line":20,"column":null}},"5":{"start":{"line":23,"column":3},"end":{"line":23,"column":null}},"6":{"start":{"line":31,"column":1},"end":{"line":56,"column":null}},"7":{"start":{"line":34,"column":5},"end":{"line":53,"column":null}},"8":{"start":{"line":37,"column":24},"end":{"line":37,"column":null}},"9":{"start":{"line":39,"column":7},"end":{"line":43,"column":null}},"10":{"start":{"line":40,"column":8},"end":{"line":42,"column":null}},"11":{"start":{"line":45,"column":7},"end":{"line":45,"column":null}},"12":{"start":{"line":47,"column":53},"end":{"line":52,"column":null}}},"fnMap":{"0":{"name":"useGetAllPokemons","decl":{"start":{"line":11,"column":16},"end":{"line":11,"column":36}},"loc":{"start":{"line":11,"column":36},"end":{"line":26,"column":null}}},"1":{"name":"(anonymous_1)","decl":{"start":{"line":14,"column":11},"end":{"line":14,"column":23}},"loc":{"start":{"line":14,"column":23},"end":{"line":24,"column":null}}},"2":{"name":"useGetEveryPokemonData","decl":{"start":{"line":28,"column":16},"end":{"line":28,"column":null}},"loc":{"start":{"line":30,"column":2},"end":{"line":57,"column":null}}},"3":{"name":"(anonymous_3)","decl":{"start":{"line":33,"column":32},"end":{"line":33,"column":33}},"loc":{"start":{"line":33,"column":51},"end":{"line":54,"column":5}}},"4":{"name":"(anonymous_4)","decl":{"start":{"line":36,"column":15},"end":{"line":36,"column":27}},"loc":{"start":{"line":36,"column":27},"end":{"line":46,"column":null}}},"5":{"name":"(anonymous_5)","decl":{"start":{"line":47,"column":14},"end":{"line":47,"column":15}},"loc":{"start":{"line":47,"column":53},"end":{"line":52,"column":null}}}},"branchMap":{"0":{"loc":{"start":{"line":19,"column":3},"end":{"line":21,"column":null}},"type":"if","locations":[{"start":{"line":19,"column":3},"end":{"line":21,"column":null}},{"start":{},"end":{}}]},"1":{"loc":{"start":{"line":32,"column":2},"end":{"line":55,"column":null}},"type":"cond-expr","locations":[{"start":{"line":33,"column":5},"end":{"line":54,"column":null}},{"start":{"line":55,"column":5},"end":{"line":55,"column":null}}]},"2":{"loc":{"start":{"line":39,"column":7},"end":{"line":43,"column":null}},"type":"if","locations":[{"start":{"line":39,"column":7},"end":{"line":43,"column":null}},{"start":{},"end":{}}]}},"s":{"0":0,"1":0,"2":0,"3":0,"4":0,"5":0,"6":0,"7":0,"8":0,"9":0,"10":0,"11":0,"12":0},"f":{"0":0,"1":0,"2":0,"3":0,"4":0,"5":0},"b":{"0":[0,0],"1":[0,0],"2":[0,0]}}
,"C:/Users/Trix/Desktop/Coding Projects/game_test/src/constants.ts": {"path":"C:/Users/Trix/Desktop/Coding Projects/game_test/src/constants.ts","statementMap":{"0":{"start":{"line":3,"column":38},"end":{"line":9,"column":null}},"1":{"start":{"line":11,"column":38},"end":{"line":17,"column":null}}},"fnMap":{},"branchMap":{},"s":{"0":0,"1":0},"f":{},"b":{}}
,"C:/Users/Trix/Desktop/Coding Projects/game_test/src/main.tsx": {"path":"C:/Users/Trix/Desktop/Coding Projects/game_test/src/main.tsx","statementMap":{"0":{"start":{"line":10,"column":20},"end":{"line":10,"column":null}},"1":{"start":{"line":12,"column":0},"end":{"line":20,"column":null}}},"fnMap":{},"branchMap":{},"s":{"0":0,"1":0},"f":{},"b":{}}
,"C:/Users/Trix/Desktop/Coding Projects/game_test/src/types.ts": {"path":"C:/Users/Trix/Desktop/Coding Projects/game_test/src/types.ts","statementMap":{"0":{"start":{"line":21,"column":1},"end":{"line":24,"column":null}},"1":{"start":{"line":24,"column":23},"end":{"line":24,"column":64}},"2":{"start":{"line":29,"column":1},"end":{"line":35,"column":null}},"3":{"start":{"line":40,"column":1},"end":{"line":50,"column":null}}},"fnMap":{"0":{"name":"isNonNullFlip","decl":{"start":{"line":20,"column":16},"end":{"line":20,"column":30}},"loc":{"start":{"line":20,"column":71},"end":{"line":26,"column":null}}},"1":{"name":"(anonymous_1)","decl":{"start":{"line":24,"column":13},"end":{"line":24,"column":14}},"loc":{"start":{"line":24,"column":23},"end":{"line":24,"column":64}}},"2":{"name":"isPokemonListItem","decl":{"start":{"line":28,"column":16},"end":{"line":28,"column":34}},"loc":{"start":{"line":28,"column":76},"end":{"line":37,"column":null}}},"3":{"name":"isDetailedPokemon","decl":{"start":{"line":39,"column":16},"end":{"line":39,"column":34}},"loc":{"start":{"line":39,"column":75},"end":{"line":52,"column":null}}}},"branchMap":{"0":{"loc":{"start":{"line":22,"column":2},"end":{"line":24,"column":null}},"type":"binary-expr","locations":[{"start":{"line":22,"column":2},"end":{"line":22,"column":null}},{"start":{"line":23,"column":2},"end":{"line":23,"column":null}},{"start":{"line":24,"column":2},"end":{"line":24,"column":null}}]},"1":{"loc":{"start":{"line":24,"column":23},"end":{"line":24,"column":64}},"type":"binary-expr","locations":[{"start":{"line":24,"column":23},"end":{"line":24,"column":51}},{"start":{"line":24,"column":51},"end":{"line":24,"column":64}}]},"2":{"loc":{"start":{"line":30,"column":2},"end":{"line":35,"column":null}},"type":"binary-expr","locations":[{"start":{"line":30,"column":2},"end":{"line":30,"column":null}},{"start":{"line":31,"column":2},"end":{"line":31,"column":null}},{"start":{"line":32,"column":2},"end":{"line":32,"column":null}},{"start":{"line":33,"column":2},"end":{"line":33,"column":null}},{"start":{"line":34,"column":2},"end":{"line":34,"column":null}},{"start":{"line":35,"column":2},"end":{"line":35,"column":null}}]},"3":{"loc":{"start":{"line":41,"column":2},"end":{"line":50,"column":null}},"type":"binary-expr","locations":[{"start":{"line":41,"column":2},"end":{"line":41,"column":null}},{"start":{"line":42,"column":2},"end":{"line":42,"column":null}},{"start":{"line":43,"column":2},"end":{"line":43,"column":null}},{"start":{"line":44,"column":2},"end":{"line":44,"column":null}},{"start":{"line":45,"column":2},"end":{"line":45,"column":null}},{"start":{"line":46,"column":2},"end":{"line":46,"column":null}},{"start":{"line":47,"column":2},"end":{"line":47,"column":null}},{"start":{"line":48,"column":2},"end":{"line":48,"column":null}},{"start":{"line":49,"column":2},"end":{"line":49,"column":null}},{"start":{"line":50,"column":2},"end":{"line":50,"column":null}}]}},"s":{"0":0,"1":0,"2":0,"3":0},"f":{"0":0,"1":0,"2":0,"3":0},"b":{"0":[0,0,0],"1":[0,0],"2":[0,0,0,0,0,0],"3":[0,0,0,0,0,0,0,0,0,0]}}
,"C:/Users/Trix/Desktop/Coding Projects/game_test/src/utils.ts": {"path":"C:/Users/Trix/Desktop/Coding Projects/game_test/src/utils.ts","statementMap":{"0":{"start":{"line":4,"column":14},"end":{"line":4,"column":null}},"1":{"start":{"line":6,"column":1},"end":{"line":12,"column":null}},"2":{"start":{"line":6,"column":14},"end":{"line":6,"column":31}},"3":{"start":{"line":7,"column":22},"end":{"line":7,"column":null}},"4":{"start":{"line":9,"column":2},"end":{"line":9,"column":null}},"5":{"start":{"line":10,"column":2},"end":{"line":10,"column":null}},"6":{"start":{"line":11,"column":2},"end":{"line":11,"column":null}},"7":{"start":{"line":14,"column":1},"end":{"line":14,"column":null}},"8":{"start":{"line":21,"column":26},"end":{"line":31,"column":null}},"9":{"start":{"line":22,"column":27},"end":{"line":22,"column":null}},"10":{"start":{"line":23,"column":1},"end":{"line":29,"column":null}},"11":{"start":{"line":23,"column":18},"end":{"line":23,"column":21}},"12":{"start":{"line":24,"column":17},"end":{"line":24,"column":null}},"13":{"start":{"line":25,"column":2},"end":{"line":28,"column":null}},"14":{"start":{"line":26,"column":3},"end":{"line":26,"column":null}},"15":{"start":{"line":27,"column":3},"end":{"line":27,"column":null}},"16":{"start":{"line":30,"column":1},"end":{"line":30,"column":null}}},"fnMap":{"0":{"name":"shuffleArray","decl":{"start":{"line":2,"column":16},"end":{"line":2,"column":32}},"loc":{"start":{"line":2,"column":49},"end":{"line":15,"column":null}}},"1":{"name":"(anonymous_1)","decl":{"start":{"line":21,"column":26},"end":{"line":21,"column":42}},"loc":{"start":{"line":21,"column":42},"end":{"line":31,"column":null}}}},"branchMap":{"0":{"loc":{"start":{"line":25,"column":2},"end":{"line":28,"column":null}},"type":"if","locations":[{"start":{"line":25,"column":2},"end":{"line":28,"column":null}},{"start":{},"end":{}}]}},"s":{"0":7,"1":7,"2":7,"3":57,"4":57,"5":57,"6":57,"7":7,"8":1,"9":3,"10":3,"11":3,"12":26,"13":26,"14":24,"15":24,"16":3},"f":{"0":7,"1":3},"b":{"0":[24,2]}}
,"C:/Users/Trix/Desktop/Coding Projects/game_test/src/components/Game.tsx": {"path":"C:/Users/Trix/Desktop/Coding Projects/game_test/src/components/Game.tsx","statementMap":{"0":{"start":{"line":15,"column":24},"end":{"line":15,"column":null}},"1":{"start":{"line":18,"column":43},"end":{"line":18,"column":null}},"2":{"start":{"line":19,"column":31},"end":{"line":19,"column":null}},"3":{"start":{"line":20,"column":31},"end":{"line":20,"column":null}},"4":{"start":{"line":21,"column":35},"end":{"line":21,"column":null}},"5":{"start":{"line":22,"column":35},"end":{"line":22,"column":null}},"6":{"start":{"line":23,"column":37},"end":{"line":23,"column":null}},"7":{"start":{"line":24,"column":31},"end":{"line":24,"column":null}},"8":{"start":{"line":25,"column":35},"end":{"line":25,"column":null}},"9":{"start":{"line":26,"column":18},"end":{"line":26,"column":null}},"10":{"start":{"line":28,"column":24},"end":{"line":40,"column":null}},"11":{"start":{"line":30,"column":2},"end":{"line":32,"column":null}},"12":{"start":{"line":31,"column":3},"end":{"line":31,"column":null}},"13":{"start":{"line":34,"column":2},"end":{"line":39,"column":null}},"14":{"start":{"line":35,"column":3},"end":{"line":35,"column":null}},"15":{"start":{"line":36,"column":2},"end":{"line":39,"column":null}},"16":{"start":{"line":37,"column":3},"end":{"line":37,"column":null}},"17":{"start":{"line":38,"column":3},"end":{"line":38,"column":null}},"18":{"start":{"line":42,"column":19},"end":{"line":47,"column":null}},"19":{"start":{"line":43,"column":2},"end":{"line":43,"column":null}},"20":{"start":{"line":44,"column":2},"end":{"line":44,"column":null}},"21":{"start":{"line":45,"column":2},"end":{"line":45,"column":null}},"22":{"start":{"line":46,"column":2},"end":{"line":46,"column":null}},"23":{"start":{"line":49,"column":23},"end":{"line":78,"column":null}},"24":{"start":{"line":50,"column":2},"end":{"line":77,"column":null}},"25":{"start":{"line":55,"column":3},"end":{"line":55,"column":null}},"26":{"start":{"line":56,"column":3},"end":{"line":72,"column":null}},"27":{"start":{"line":57,"column":4},"end":{"line":63,"column":null}},"28":{"start":{"line":65,"column":4},"end":{"line":71,"column":null}},"29":{"start":{"line":75,"column":3},"end":{"line":75,"column":null}},"30":{"start":{"line":75,"column":27},"end":{"line":75,"column":65}},"31":{"start":{"line":76,"column":3},"end":{"line":76,"column":null}},"32":{"start":{"line":76,"column":27},"end":{"line":76,"column":65}},"33":{"start":{"line":80,"column":21},"end":{"line":86,"column":null}},"34":{"start":{"line":81,"column":2},"end":{"line":81,"column":null}},"35":{"start":{"line":82,"column":2},"end":{"line":85,"column":null}},"36":{"start":{"line":83,"column":3},"end":{"line":83,"column":null}},"37":{"start":{"line":84,"column":3},"end":{"line":84,"column":null}},"38":{"start":{"line":88,"column":19},"end":{"line":99,"column":null}},"39":{"start":{"line":92,"column":21},"end":{"line":92,"column":null}},"40":{"start":{"line":93,"column":22},"end":{"line":93,"column":null}},"41":{"start":{"line":96,"column":2},"end":{"line":96,"column":null}},"42":{"start":{"line":96,"column":34},"end":{"line":96,"column":null}},"43":{"start":{"line":98,"column":2},"end":{"line":98,"column":null}},"44":{"start":{"line":101,"column":19},"end":{"line":134,"column":null}},"45":{"start":{"line":103,"column":17},"end":{"line":103,"column":null}},"46":{"start":{"line":104,"column":2},"end":{"line":128,"column":null}},"47":{"start":{"line":105,"column":23},"end":{"line":105,"column":null}},"48":{"start":{"line":106,"column":3},"end":{"line":110,"column":null}},"49":{"start":{"line":106,"column":27},"end":{"line":110,"column":5}},"50":{"start":{"line":111,"column":3},"end":{"line":115,"column":null}},"51":{"start":{"line":111,"column":27},"end":{"line":115,"column":5}},"52":{"start":{"line":116,"column":2},"end":{"line":128,"column":null}},"53":{"start":{"line":117,"column":3},"end":{"line":121,"column":null}},"54":{"start":{"line":117,"column":27},"end":{"line":121,"column":5}},"55":{"start":{"line":123,"column":3},"end":{"line":127,"column":null}},"56":{"start":{"line":123,"column":27},"end":{"line":127,"column":5}},"57":{"start":{"line":129,"column":2},"end":{"line":129,"column":null}},"58":{"start":{"line":129,"column":26},"end":{"line":129,"column":56}},"59":{"start":{"line":130,"column":2},"end":{"line":130,"column":null}},"60":{"start":{"line":130,"column":26},"end":{"line":130,"column":56}},"61":{"start":{"line":131,"column":2},"end":{"line":131,"column":null}},"62":{"start":{"line":132,"column":2},"end":{"line":132,"column":null}},"63":{"start":{"line":133,"column":2},"end":{"line":133,"column":null}},"64":{"start":{"line":136,"column":1},"end":{"line":184,"column":null}},"65":{"start":{"line":141,"column":5},"end":{"line":141,"column":null}},"66":{"start":{"line":141,"column":29},"end":{"line":141,"column":53}},"67":{"start":{"line":154,"column":8},"end":{"line":166,"column":null}},"68":{"start":{"line":163,"column":29},"end":{"line":163,"column":null}},"69":{"start":{"line":181,"column":5},"end":{"line":181,"column":null}},"70":{"start":{"line":181,"column":29},"end":{"line":181,"column":53}}},"fnMap":{"0":{"name":"PexesoField","decl":{"start":{"line":17,"column":24},"end":{"line":17,"column":36}},"loc":{"start":{"line":17,"column":60},"end":{"line":186,"column":null}}},"1":{"name":"(anonymous_1)","decl":{"start":{"line":28,"column":24},"end":{"line":28,"column":25}},"loc":{"start":{"line":28,"column":55},"end":{"line":40,"column":null}}},"2":{"name":"(anonymous_2)","decl":{"start":{"line":42,"column":19},"end":{"line":42,"column":25}},"loc":{"start":{"line":42,"column":25},"end":{"line":47,"column":null}}},"3":{"name":"(anonymous_3)","decl":{"start":{"line":49,"column":23},"end":{"line":49,"column":24}},"loc":{"start":{"line":49,"column":62},"end":{"line":78,"column":null}}},"4":{"name":"(anonymous_4)","decl":{"start":{"line":75,"column":16},"end":{"line":75,"column":17}},"loc":{"start":{"line":75,"column":27},"end":{"line":75,"column":65}}},"5":{"name":"(anonymous_5)","decl":{"start":{"line":76,"column":16},"end":{"line":76,"column":17}},"loc":{"start":{"line":76,"column":27},"end":{"line":76,"column":65}}},"6":{"name":"(anonymous_6)","decl":{"start":{"line":80,"column":21},"end":{"line":80,"column":22}},"loc":{"start":{"line":80,"column":52},"end":{"line":86,"column":null}}},"7":{"name":"(anonymous_7)","decl":{"start":{"line":82,"column":13},"end":{"line":82,"column":19}},"loc":{"start":{"line":82,"column":19},"end":{"line":85,"column":5}}},"8":{"name":"(anonymous_8)","decl":{"start":{"line":88,"column":19},"end":{"line":88,"column":null}},"loc":{"start":{"line":91,"column":26},"end":{"line":99,"column":null}}},"9":{"name":"(anonymous_9)","decl":{"start":{"line":101,"column":19},"end":{"line":101,"column":25}},"loc":{"start":{"line":101,"column":25},"end":{"line":134,"column":null}}},"10":{"name":"(anonymous_10)","decl":{"start":{"line":106,"column":16},"end":{"line":106,"column":17}},"loc":{"start":{"line":106,"column":27},"end":{"line":110,"column":5}}},"11":{"name":"(anonymous_11)","decl":{"start":{"line":111,"column":16},"end":{"line":111,"column":17}},"loc":{"start":{"line":111,"column":27},"end":{"line":115,"column":5}}},"12":{"name":"(anonymous_12)","decl":{"start":{"line":117,"column":16},"end":{"line":117,"column":17}},"loc":{"start":{"line":117,"column":27},"end":{"line":121,"column":5}}},"13":{"name":"(anonymous_13)","decl":{"start":{"line":123,"column":16},"end":{"line":123,"column":17}},"loc":{"start":{"line":123,"column":27},"end":{"line":127,"column":5}}},"14":{"name":"(anonymous_14)","decl":{"start":{"line":129,"column":15},"end":{"line":129,"column":16}},"loc":{"start":{"line":129,"column":26},"end":{"line":129,"column":56}}},"15":{"name":"(anonymous_15)","decl":{"start":{"line":130,"column":15},"end":{"line":130,"column":16}},"loc":{"start":{"line":130,"column":26},"end":{"line":130,"column":56}}},"16":{"name":"(anonymous_16)","decl":{"start":{"line":140,"column":24},"end":{"line":140,"column":25}},"loc":{"start":{"line":141,"column":5},"end":{"line":141,"column":null}}},"17":{"name":"(anonymous_17)","decl":{"start":{"line":141,"column":18},"end":{"line":141,"column":19}},"loc":{"start":{"line":141,"column":29},"end":{"line":141,"column":53}}},"18":{"name":"(anonymous_18)","decl":{"start":{"line":153,"column":25},"end":{"line":153,"column":26}},"loc":{"start":{"line":154,"column":8},"end":{"line":166,"column":null}}},"19":{"name":"(anonymous_19)","decl":{"start":{"line":163,"column":23},"end":{"line":163,"column":29}},"loc":{"start":{"line":163,"column":29},"end":{"line":163,"column":null}}},"20":{"name":"(anonymous_20)","decl":{"start":{"line":180,"column":24},"end":{"line":180,"column":25}},"loc":{"start":{"line":181,"column":5},"end":{"line":181,"column":null}}},"21":{"name":"(anonymous_21)","decl":{"start":{"line":181,"column":18},"end":{"line":181,"column":19}},"loc":{"start":{"line":181,"column":29},"end":{"line":181,"column":53}}}},"branchMap":{"0":{"loc":{"start":{"line":30,"column":2},"end":{"line":32,"column":null}},"type":"if","locations":[{"start":{"line":30,"column":2},"end":{"line":32,"column":null}},{"start":{},"end":{}}]},"1":{"loc":{"start":{"line":34,"column":2},"end":{"line":39,"column":null}},"type":"if","locations":[{"start":{"line":34,"column":2},"end":{"line":39,"column":null}},{"start":{"line":36,"column":2},"end":{"line":39,"column":null}}]},"2":{"loc":{"start":{"line":34,"column":6},"end":{"line":34,"column":34}},"type":"binary-expr","locations":[{"start":{"line":34,"column":6},"end":{"line":34,"column":21}},{"start":{"line":34,"column":21},"end":{"line":34,"column":34}}]},"3":{"loc":{"start":{"line":36,"column":2},"end":{"line":39,"column":null}},"type":"if","locations":[{"start":{"line":36,"column":2},"end":{"line":39,"column":null}},{"start":{},"end":{}}]},"4":{"loc":{"start":{"line":36,"column":13},"end":{"line":36,"column":50}},"type":"binary-expr","locations":[{"start":{"line":36,"column":13},"end":{"line":36,"column":37}},{"start":{"line":36,"column":37},"end":{"line":36,"column":50}}]},"5":{"loc":{"start":{"line":50,"column":2},"end":{"line":77,"column":null}},"type":"if","locations":[{"start":{"line":50,"column":2},"end":{"line":77,"column":null}},{"start":{"line":73,"column":9},"end":{"line":77,"column":null}}]},"6":{"loc":{"start":{"line":51,"column":3},"end":{"line":53,"column":null}},"type":"binary-expr","locations":[{"start":{"line":51,"column":3},"end":{"line":51,"column":null}},{"start":{"line":52,"column":3},"end":{"line":52,"column":null}},{"start":{"line":53,"column":3},"end":{"line":53,"column":null}}]},"7":{"loc":{"start":{"line":56,"column":3},"end":{"line":72,"column":null}},"type":"if","locations":[{"start":{"line":56,"column":3},"end":{"line":72,"column":null}},{"start":{"line":64,"column":10},"end":{"line":72,"column":null}}]},"8":{"loc":{"start":{"line":96,"column":2},"end":{"line":96,"column":null}},"type":"if","locations":[{"start":{"line":96,"column":2},"end":{"line":96,"column":null}},{"start":{},"end":{}}]},"9":{"loc":{"start":{"line":98,"column":9},"end":{"line":98,"column":null}},"type":"cond-expr","locations":[{"start":{"line":98,"column":36},"end":{"line":98,"column":55}},{"start":{"line":98,"column":55},"end":{"line":98,"column":null}}]},"10":{"loc":{"start":{"line":104,"column":2},"end":{"line":128,"column":null}},"type":"if","locations":[{"start":{"line":104,"column":2},"end":{"line":128,"column":null}},{"start":{"line":116,"column":2},"end":{"line":128,"column":null}}]},"11":{"loc":{"start":{"line":116,"column":2},"end":{"line":128,"column":null}},"type":"if","locations":[{"start":{"line":116,"column":2},"end":{"line":128,"column":null}},{"start":{"line":122,"column":9},"end":{"line":128,"column":null}}]},"12":{"loc":{"start":{"line":147,"column":20},"end":{"line":147,"column":77}},"type":"cond-expr","locations":[{"start":{"line":147,"column":41},"end":{"line":147,"column":58}},{"start":{"line":147,"column":58},"end":{"line":147,"column":77}}]},"13":{"loc":{"start":{"line":151,"column":7},"end":{"line":167,"column":null}},"type":"binary-expr","locations":[{"start":{"line":151,"column":7},"end":{"line":151,"column":null}},{"start":{"line":152,"column":7},"end":{"line":152,"column":null}},{"start":{"line":153,"column":7},"end":{"line":167,"column":null}}]},"14":{"loc":{"start":{"line":155,"column":10},"end":{"line":164,"column":null}},"type":"cond-expr","locations":[{"start":{"line":156,"column":10},"end":{"line":156,"column":null}},{"start":{"line":158,"column":10},"end":{"line":164,"column":null}}]},"15":{"loc":{"start":{"line":161,"column":12},"end":{"line":161,"column":null}},"type":"binary-expr","locations":[{"start":{"line":161,"column":12},"end":{"line":161,"column":32}},{"start":{"line":161,"column":32},"end":{"line":161,"column":null}}]},"16":{"loc":{"start":{"line":169,"column":6},"end":{"line":174,"column":null}},"type":"binary-expr","locations":[{"start":{"line":169,"column":6},"end":{"line":169,"column":null}},{"start":{"line":170,"column":6},"end":{"line":174,"column":null}}]}},"s":{"0":0,"1":0,"2":0,"3":0,"4":0,"5":0,"6":0,"7":0,"8":0,"9":0,"10":0,"11":0,"12":0,"13":0,"14":0,"15":0,"16":0,"17":0,"18":0,"19":0,"20":0,"21":0,"22":0,"23":0,"24":0,"25":0,"26":0,"27":0,"28":0,"29":0,"30":0,"31":0,"32":0,"33":0,"34":0,"35":0,"36":0,"37":0,"38":0,"39":0,"40":0,"41":0,"42":0,"43":0,"44":0,"45":0,"46":0,"47":0,"48":0,"49":0,"50":0,"51":0,"52":0,"53":0,"54":0,"55":0,"56":0,"57":0,"58":0,"59":0,"60":0,"61":0,"62":0,"63":0,"64":0,"65":0,"66":0,"67":0,"68":0,"69":0,"70":0},"f":{"0":0,"1":0,"2":0,"3":0,"4":0,"5":0,"6":0,"7":0,"8":0,"9":0,"10":0,"11":0,"12":0,"13":0,"14":0,"15":0,"16":0,"17":0,"18":0,"19":0,"20":0,"21":0},"b":{"0":[0,0],"1":[0,0],"2":[0,0],"3":[0,0],"4":[0,0],"5":[0,0],"6":[0,0,0],"7":[0,0],"8":[0,0],"9":[0,0],"10":[0,0],"11":[0,0],"12":[0,0],"13":[0,0,0],"14":[0,0],"15":[0,0],"16":[0,0]}}
,"C:/Users/Trix/Desktop/Coding Projects/game_test/src/components/GameEndScreen.tsx": {"path":"C:/Users/Trix/Desktop/Coding Projects/game_test/src/components/GameEndScreen.tsx","statementMap":{"0":{"start":{"line":15,"column":20},"end":{"line":15,"column":null}},"1":{"start":{"line":17,"column":1},"end":{"line":36,"column":null}}},"fnMap":{"0":{"name":"GameEndMessage","decl":{"start":{"line":10,"column":24},"end":{"line":10,"column":39}},"loc":{"start":{"line":14,"column":10},"end":{"line":38,"column":null}}}},"branchMap":{"0":{"loc":{"start":{"line":15,"column":20},"end":{"line":15,"column":null}},"type":"cond-expr","locations":[{"start":{"line":15,"column":30},"end":{"line":15,"column":46}},{"start":{"line":15,"column":46},"end":{"line":15,"column":null}}]}},"s":{"0":0,"1":0},"f":{"0":0},"b":{"0":[0,0]}}
,"C:/Users/Trix/Desktop/Coding Projects/game_test/src/components/Loading.tsx": {"path":"C:/Users/Trix/Desktop/Coding Projects/game_test/src/components/Loading.tsx","statementMap":{"0":{"start":{"line":4,"column":27},"end":{"line":4,"column":null}},"1":{"start":{"line":5,"column":20},"end":{"line":8,"column":null}},"2":{"start":{"line":10,"column":26},"end":{"line":12,"column":null}},"3":{"start":{"line":11,"column":22},"end":{"line":11,"column":40}},"4":{"start":{"line":12,"column":21},"end":{"line":12,"column":34}},"5":{"start":{"line":14,"column":1},"end":{"line":19,"column":null}},"6":{"start":{"line":15,"column":19},"end":{"line":17,"column":null}},"7":{"start":{"line":16,"column":3},"end":{"line":16,"column":null}},"8":{"start":{"line":16,"column":13},"end":{"line":16,"column":36}},"9":{"start":{"line":18,"column":2},"end":{"line":18,"column":null}},"10":{"start":{"line":18,"column":15},"end":{"line":18,"column":null}},"11":{"start":{"line":21,"column":1},"end":{"line":30,"column":null}}},"fnMap":{"0":{"name":"Loading","decl":{"start":{"line":3,"column":24},"end":{"line":3,"column":34}},"loc":{"start":{"line":3,"column":34},"end":{"line":32,"column":null}}},"1":{"name":"(anonymous_1)","decl":{"start":{"line":11,"column":8},"end":{"line":11,"column":9}},"loc":{"start":{"line":11,"column":22},"end":{"line":11,"column":40}}},"2":{"name":"(anonymous_2)","decl":{"start":{"line":12,"column":7},"end":{"line":12,"column":8}},"loc":{"start":{"line":12,"column":21},"end":{"line":12,"column":34}}},"3":{"name":"(anonymous_3)","decl":{"start":{"line":14,"column":11},"end":{"line":14,"column":17}},"loc":{"start":{"line":14,"column":17},"end":{"line":19,"column":4}}},"4":{"name":"(anonymous_4)","decl":{"start":{"line":15,"column":31},"end":{"line":15,"column":37}},"loc":{"start":{"line":15,"column":37},"end":{"line":17,"column":5}}},"5":{"name":"(anonymous_5)","decl":{"start":{"line":16,"column":12},"end":{"line":16,"column":13}},"loc":{"start":{"line":16,"column":13},"end":{"line":16,"column":36}}},"6":{"name":"(anonymous_6)","decl":{"start":{"line":18,"column":9},"end":{"line":18,"column":15}},"loc":{"start":{"line":18,"column":15},"end":{"line":18,"column":null}}}},"branchMap":{},"s":{"0":0,"1":0,"2":0,"3":0,"4":0,"5":0,"6":0,"7":0,"8":0,"9":0,"10":0,"11":0},"f":{"0":0,"1":0,"2":0,"3":0,"4":0,"5":0,"6":0},"b":{}}
,"C:/Users/Trix/Desktop/Coding Projects/game_test/src/components/Card/Card.tsx": {"path":"C:/Users/Trix/Desktop/Coding Projects/game_test/src/components/Card/Card.tsx","statementMap":{"0":{"start":{"line":14,"column":1},"end":{"line":32,"column":null}}},"fnMap":{"0":{"name":"Card","decl":{"start":{"line":13,"column":24},"end":{"line":13,"column":29}},"loc":{"start":{"line":13,"column":71},"end":{"line":34,"column":null}}}},"branchMap":{"0":{"loc":{"start":{"line":22,"column":14},"end":{"line":22,"column":36}},"type":"binary-expr","locations":[{"start":{"line":22,"column":14},"end":{"line":22,"column":24}},{"start":{"line":22,"column":24},"end":{"line":22,"column":36}}]}},"s":{"0":0},"f":{"0":0},"b":{"0":[0,0]}}
,"C:/Users/Trix/Desktop/Coding Projects/game_test/src/components/ErrorHandling/DefaultFallback.tsx": {"path":"C:/Users/Trix/Desktop/Coding Projects/game_test/src/components/ErrorHandling/DefaultFallback.tsx","statementMap":{"0":{"start":{"line":9,"column":1},"end":{"line":25,"column":null}}},"fnMap":{"0":{"name":"DefaultFallback","decl":{"start":{"line":8,"column":24},"end":{"line":8,"column":40}},"loc":{"start":{"line":8,"column":58},"end":{"line":27,"column":null}}}},"branchMap":{"0":{"loc":{"start":{"line":18,"column":4},"end":{"line":18,"column":null}},"type":"binary-expr","locations":[{"start":{"line":18,"column":4},"end":{"line":18,"column":13}},{"start":{"line":18,"column":13},"end":{"line":18,"column":null}}]}},"s":{"0":0},"f":{"0":0},"b":{"0":[0,0]}}
,"C:/Users/Trix/Desktop/Coding Projects/game_test/src/components/ErrorHandling/ErrorBoundary.tsx": {"path":"C:/Users/Trix/Desktop/Coding Projects/game_test/src/components/ErrorHandling/ErrorBoundary.tsx","statementMap":{"0":{"start":{"line":15,"column":2},"end":{"line":15,"column":null}},"1":{"start":{"line":16,"column":2},"end":{"line":16,"column":null}},"2":{"start":{"line":20,"column":2},"end":{"line":20,"column":null}},"3":{"start":{"line":24,"column":2},"end":{"line":24,"column":null}},"4":{"start":{"line":27,"column":40},"end":{"line":27,"column":null}},"5":{"start":{"line":30,"column":2},"end":{"line":32,"column":null}},"6":{"start":{"line":31,"column":3},"end":{"line":31,"column":null}},"7":{"start":{"line":34,"column":2},"end":{"line":34,"column":null}}},"fnMap":{"0":{"name":"(anonymous_0)","decl":{"start":{"line":14,"column":1},"end":{"line":14,"column":13}},"loc":{"start":{"line":14,"column":27},"end":{"line":17,"column":null}}},"1":{"name":"(anonymous_1)","decl":{"start":{"line":19,"column":1},"end":{"line":19,"column":8}},"loc":{"start":{"line":19,"column":50},"end":{"line":21,"column":null}}},"2":{"name":"(anonymous_2)","decl":{"start":{"line":23,"column":1},"end":{"line":23,"column":19}},"loc":{"start":{"line":23,"column":55},"end":{"line":25,"column":null}}},"3":{"name":"(anonymous_3)","decl":{"start":{"line":29,"column":1},"end":{"line":29,"column":10}},"loc":{"start":{"line":29,"column":10},"end":{"line":35,"column":null}}}},"branchMap":{"0":{"loc":{"start":{"line":30,"column":2},"end":{"line":32,"column":null}},"type":"if","locations":[{"start":{"line":30,"column":2},"end":{"line":32,"column":null}},{"start":{},"end":{}}]},"1":{"loc":{"start":{"line":31,"column":10},"end":{"line":31,"column":null}},"type":"binary-expr","locations":[{"start":{"line":31,"column":10},"end":{"line":31,"column":33}},{"start":{"line":31,"column":33},"end":{"line":31,"column":null}}]}},"s":{"0":0,"1":0,"2":0,"3":0,"4":0,"5":0,"6":0,"7":0},"f":{"0":0,"1":0,"2":0,"3":0},"b":{"0":[0,0],"1":[0,0]}}
,"C:/Users/Trix/Desktop/Coding Projects/game_test/src/components/Input/Input.tsx": {"path":"C:/Users/Trix/Desktop/Coding Projects/game_test/src/components/Input/Input.tsx","statementMap":{"0":{"start":{"line":30,"column":18},"end":{"line":30,"column":null}},"1":{"start":{"line":32,"column":21},"end":{"line":37,"column":null}},"2":{"start":{"line":33,"column":2},"end":{"line":35,"column":null}},"3":{"start":{"line":34,"column":3},"end":{"line":34,"column":null}},"4":{"start":{"line":36,"column":2},"end":{"line":36,"column":null}},"5":{"start":{"line":39,"column":23},"end":{"line":51,"column":null}},"6":{"start":{"line":40,"column":2},"end":{"line":44,"column":null}},"7":{"start":{"line":41,"column":3},"end":{"line":43,"column":null}},"8":{"start":{"line":42,"column":4},"end":{"line":42,"column":null}},"9":{"start":{"line":46,"column":2},"end":{"line":50,"column":null}},"10":{"start":{"line":47,"column":3},"end":{"line":49,"column":null}},"11":{"start":{"line":48,"column":4},"end":{"line":48,"column":null}},"12":{"start":{"line":54,"column":2},"end":{"line":65,"column":null}},"13":{"start":{"line":63,"column":24},"end":{"line":63,"column":null}},"14":{"start":{"line":68,"column":1},"end":{"line":88,"column":null}}},"fnMap":{"0":{"name":"Input","decl":{"start":{"line":19,"column":24},"end":{"line":19,"column":30}},"loc":{"start":{"line":29,"column":10},"end":{"line":90,"column":null}}},"1":{"name":"(anonymous_1)","decl":{"start":{"line":32,"column":21},"end":{"line":32,"column":27}},"loc":{"start":{"line":32,"column":27},"end":{"line":37,"column":null}}},"2":{"name":"(anonymous_2)","decl":{"start":{"line":39,"column":23},"end":{"line":39,"column":24}},"loc":{"start":{"line":39,"column":73},"end":{"line":51,"column":null}}},"3":{"name":"(anonymous_3)","decl":{"start":{"line":63,"column":13},"end":{"line":63,"column":14}},"loc":{"start":{"line":63,"column":24},"end":{"line":63,"column":null}}}},"branchMap":{"0":{"loc":{"start":{"line":33,"column":2},"end":{"line":35,"column":null}},"type":"if","locations":[{"start":{"line":33,"column":2},"end":{"line":35,"column":null}},{"start":{},"end":{}}]},"1":{"loc":{"start":{"line":40,"column":2},"end":{"line":44,"column":null}},"type":"if","locations":[{"start":{"line":40,"column":2},"end":{"line":44,"column":null}},{"start":{},"end":{}}]},"2":{"loc":{"start":{"line":41,"column":3},"end":{"line":43,"column":null}},"type":"if","locations":[{"start":{"line":41,"column":3},"end":{"line":43,"column":null}},{"start":{},"end":{}}]},"3":{"loc":{"start":{"line":46,"column":2},"end":{"line":50,"column":null}},"type":"if","locations":[{"start":{"line":46,"column":2},"end":{"line":50,"column":null}},{"start":{},"end":{}}]},"4":{"loc":{"start":{"line":47,"column":3},"end":{"line":49,"column":null}},"type":"if","locations":[{"start":{"line":47,"column":3},"end":{"line":49,"column":null}},{"start":{},"end":{}}]},"5":{"loc":{"start":{"line":68,"column":8},"end":{"line":88,"column":null}},"type":"cond-expr","locations":[{"start":{"line":69,"column":2},"end":{"line":86,"column":null}},{"start":{"line":88,"column":2},"end":{"line":88,"column":null}}]},"6":{"loc":{"start":{"line":72,"column":5},"end":{"line":83,"column":null}},"type":"binary-expr","locations":[{"start":{"line":72,"column":5},"end":{"line":72,"column":16}},{"start":{"line":72,"column":16},"end":{"line":72,"column":null}},{"start":{"line":73,"column":5},"end":{"line":83,"column":null}}]}},"s":{"0":20,"1":20,"2":1,"3":1,"4":1,"5":20,"6":17,"7":2,"8":2,"9":17,"10":2,"11":2,"12":20,"13":14,"14":20},"f":{"0":20,"1":1,"2":17,"3":14},"b":{"0":[1,0],"1":[2,15],"2":[2,0],"3":[2,15],"4":[2,0],"5":[17,3],"6":[17,16,16]}}
,"C:/Users/Trix/Desktop/Coding Projects/game_test/src/components/Player/Player.tsx": {"path":"C:/Users/Trix/Desktop/Coding Projects/game_test/src/components/Player/Player.tsx","statementMap":{"0":{"start":{"line":17,"column":35},"end":{"line":17,"column":null}},"1":{"start":{"line":18,"column":25},"end":{"line":18,"column":null}},"2":{"start":{"line":19,"column":35},"end":{"line":19,"column":null}},"3":{"start":{"line":20,"column":20},"end":{"line":20,"column":null}},"4":{"start":{"line":22,"column":22},"end":{"line":34,"column":null}},"5":{"start":{"line":23,"column":2},"end":{"line":33,"column":null}},"6":{"start":{"line":24,"column":3},"end":{"line":24,"column":null}},"7":{"start":{"line":25,"column":2},"end":{"line":33,"column":null}},"8":{"start":{"line":26,"column":3},"end":{"line":28,"column":null}},"9":{"start":{"line":30,"column":3},"end":{"line":30,"column":null}},"10":{"start":{"line":32,"column":3},"end":{"line":32,"column":null}},"11":{"start":{"line":36,"column":26},"end":{"line":42,"column":null}},"12":{"start":{"line":37,"column":2},"end":{"line":41,"column":null}},"13":{"start":{"line":38,"column":3},"end":{"line":38,"column":null}},"14":{"start":{"line":39,"column":3},"end":{"line":39,"column":null}},"15":{"start":{"line":40,"column":3},"end":{"line":40,"column":null}},"16":{"start":{"line":44,"column":27},"end":{"line":48,"column":null}},"17":{"start":{"line":45,"column":2},"end":{"line":45,"column":null}},"18":{"start":{"line":46,"column":2},"end":{"line":46,"column":null}},"19":{"start":{"line":47,"column":2},"end":{"line":47,"column":null}},"20":{"start":{"line":50,"column":1},"end":{"line":85,"column":null}},"21":{"start":{"line":73,"column":20},"end":{"line":73,"column":null}},"22":{"start":{"line":82,"column":5},"end":{"line":82,"column":null}}},"fnMap":{"0":{"name":"PlayerPanel","decl":{"start":{"line":16,"column":24},"end":{"line":16,"column":36}},"loc":{"start":{"line":16,"column":75},"end":{"line":87,"column":null}}},"1":{"name":"(anonymous_1)","decl":{"start":{"line":22,"column":22},"end":{"line":22,"column":23}},"loc":{"start":{"line":22,"column":40},"end":{"line":34,"column":null}}},"2":{"name":"(anonymous_2)","decl":{"start":{"line":36,"column":26},"end":{"line":36,"column":32}},"loc":{"start":{"line":36,"column":32},"end":{"line":42,"column":null}}},"3":{"name":"(anonymous_3)","decl":{"start":{"line":44,"column":27},"end":{"line":44,"column":33}},"loc":{"start":{"line":44,"column":33},"end":{"line":48,"column":null}}},"4":{"name":"(anonymous_4)","decl":{"start":{"line":73,"column":14},"end":{"line":73,"column":20}},"loc":{"start":{"line":73,"column":20},"end":{"line":73,"column":null}}},"5":{"name":"(anonymous_5)","decl":{"start":{"line":81,"column":29},"end":{"line":81,"column":30}},"loc":{"start":{"line":82,"column":5},"end":{"line":82,"column":null}}}},"branchMap":{"0":{"loc":{"start":{"line":23,"column":2},"end":{"line":33,"column":null}},"type":"if","locations":[{"start":{"line":23,"column":2},"end":{"line":33,"column":null}},{"start":{"line":25,"column":2},"end":{"line":33,"column":null}}]},"1":{"loc":{"start":{"line":25,"column":2},"end":{"line":33,"column":null}},"type":"if","locations":[{"start":{"line":25,"column":2},"end":{"line":33,"column":null}},{"start":{"line":29,"column":9},"end":{"line":33,"column":null}}]},"2":{"loc":{"start":{"line":37,"column":2},"end":{"line":41,"column":null}},"type":"if","locations":[{"start":{"line":37,"column":2},"end":{"line":41,"column":null}},{"start":{},"end":{}}]},"3":{"loc":{"start":{"line":56,"column":4},"end":{"line":77,"column":null}},"type":"cond-expr","locations":[{"start":{"line":57,"column":4},"end":{"line":68,"column":null}},{"start":{"line":70,"column":4},"end":{"line":77,"column":null}}]},"4":{"loc":{"start":{"line":67,"column":6},"end":{"line":67,"column":null}},"type":"binary-expr","locations":[{"start":{"line":67,"column":6},"end":{"line":67,"column":19}},{"start":{"line":67,"column":19},"end":{"line":67,"column":null}}]},"5":{"loc":{"start":{"line":82,"column":15},"end":{"line":82,"column":52}},"type":"binary-expr","locations":[{"start":{"line":82,"column":15},"end":{"line":82,"column":35}},{"start":{"line":82,"column":35},"end":{"line":82,"column":52}}]}},"s":{"0":21,"1":21,"2":21,"3":21,"4":21,"5":1,"6":0,"7":1,"8":0,"9":1,"10":1,"11":21,"12":1,"13":1,"14":1,"15":1,"16":21,"17":1,"18":1,"19":1,"20":21,"21":3,"22":21},"f":{"0":21,"1":1,"2":1,"3":1,"4":3,"5":21},"b":{"0":[0,1],"1":[0,1],"2":[1,0],"3":[16,5],"4":[16,0],"5":[21,0]}}
}
